Löwdin Charges from SCF calculation (projwfc.out):
================================================
Lowdin Charges: 

     Atom #   1: total charge =   3.9706, s =  0.8816, p =  3.0891, 
                 spin up      =   1.9853, s =  0.4408, 
                 spin up      =   1.9853, p =  1.5445, pz=  0.4988, px=  0.5216, py=  0.5241, 
                 spin down    =   1.9853, s =  0.4408, 
                 spin down    =   1.9853, p =  1.5445, pz=  0.4988, px=  0.5216, py=  0.5241, 
                 polarization =  -0.0000, s = -0.0000, p = -0.0000, 
     Atom #   2: total charge =   3.9706, s =  0.8816, p =  3.0891, 
                 spin up      =   1.9853, s =  0.4408, 
                 spin up      =   1.9853, p =  1.5445, pz=  0.4988, px=  0.5254, py=  0.5203, 
                 spin down    =   1.9853, s =  0.4408, 
                 spin down    =   1.9853, p =  1.5445, pz=  0.4988, px=  0.5254, py=  0.5203, 
                 polarization =  -0.0000, s = -0.0000, p = -0.0000, 
     Atom #   3: total charge =   3.9706, s =  0.8816, p =  3.0891, 
                 spin up      =   1.9853, s =  0.4408, 
                 spin up      =   1.9853, p =  1.5445, pz=  0.4988, px=  0.5216, py=  0.5241, 
                 spin down    =   1.9853, s =  0.4408, 
                 spin down    =   1.9853, p =  1.5445, pz=  0.4988, px=  0.5216, py=  0.5241, 
                 polarization =  -0.0000, s =  0.0000, p = -0.0000, 
     Atom #   4: total charge =   4.1106, s =  0.9373, p =  3.1733, 
                 spin up      =   2.0553, s =  0.4686, 
                 spin up      =   2.0553, p =  1.5867, pz=  0.5605, px=  0.5131, py=  0.5131, 
                 spin down    =   2.0553, s =  0.4686, 
                 spin down    =   2.0553, p =  1.5867, pz=  0.5605, px=  0.5131, py=  0.5131, 
                 polarization =   0.0000, s = -0.0000, p =  0.0000, 
     Atom #   5: total charge =   3.9366, s =  0.9023, p =  3.0343, 
                 spin up      =   1.9683, s =  0.4512, 
                 spin up      =   1.9683, p =  1.5172, pz=  0.4852, px=  0.5112, py=  0.5207, 
                 spin down    =   1.9683, s =  0.4512, 
                 spin down    =   1.9683, p =  1.5171, pz=  0.4852, px=  0.5112, py=  0.5207, 
                 polarization =   0.0000, s =  0.0000, p =  0.0000, 
     Atom #   6: total charge =   4.0078, s =  0.9156, p =  3.0922, 
                 spin up      =   2.0039, s =  0.4578, 
                 spin up      =   2.0039, p =  1.5461, pz=  0.5174, px=  0.5143, py=  0.5143, 
                 spin down    =   2.0039, s =  0.4578, 
                 spin down    =   2.0039, p =  1.5461, pz=  0.5174, px=  0.5143, py=  0.5143, 
                 polarization =   0.0000, s = -0.0000, p =  0.0000, 
     Atom #   7: total charge =   3.9366, s =  0.9023, p =  3.0343, 
                 spin up      =   1.9683, s =  0.4512, 
                 spin up      =   1.9683, p =  1.5171, pz=  0.4852, px=  0.5112, py=  0.5207, 
                 spin down    =   1.9683, s =  0.4512, 
                 spin down    =   1.9683, p =  1.5171, pz=  0.4852, px=  0.5112, py=  0.5207, 
                 polarization =   0.0000, s =  0.0000, p =  0.0000, 
     Atom #   8: total charge =   3.9366, s =  0.9023, p =  3.0343, 
                 spin up      =   1.9683, s =  0.4512, 
                 spin up      =   1.9683, p =  1.5171, pz=  0.4852, px=  0.5255, py=  0.5064, 
                 spin down    =   1.9683, s =  0.4512, 
                 spin down    =   1.9683, p =  1.5171, pz=  0.4852, px=  0.5255, py=  0.5064, 
                 polarization =   0.0000, s =  0.0000, p =  0.0000, 
     Atom #   9: total charge =   0.7991, s =  0.7991, p =  0.0000, 
                 spin up      =   0.3995, s =  0.3995, 
                 spin up      =   0.3995, p =  0.0000, pz=  0.0000, px=  0.0000, py=  0.0000, 
                 spin down    =   0.3995, s =  0.3995, 
                 spin down    =   0.3995, p =  0.0000, pz=  0.0000, px=  0.0000, py=  0.0000, 
                 polarization =   0.0000, s =  0.0000, p =  0.0000, 

Spilling Parameter: 0.010900
